Starting standard edition import (offset=0, limit=10000, dry-run=false)
987 books need standard editions (13 already done)

[1/987] , A Demon's Guide to Wooing a Witch and A Werewolf's Guide to Seducing a Vampire — no OL match
[2/987] ... But with Respect — no OL match
[3/987] ‘Thorn’ — no OL match
[4/987] "A" Is for Alibi (Signed First Edition) — no OL match
[5/987] “Never a Hero” (book #2 in the Monster series) by Vanessa Len — no OL match
[6/987] “The Scarlet Veil” — no OL match
[7/987] “The Undermining of Twyla and Frank” by Megan Bannen — no OL match
[8/987] (REPRINT) Den of Vipers Exclusive Luxe Edition ApollyCon 2026 — skipped (edition name, not a book)
[9/987] (REPRINT) Gild Exclusive Luxe Edition — skipped (edition name, not a book)
[10/987] (REPRINT) Gleam Exclusive Luxe Edition — skipped (edition name, not a book)
[11/987] (REPRINT) Glint Exclusive Luxe Edition — skipped (edition name, not a book)
[12/987] (REPRINT) Glow Exclusive Luxe — skipped (edition name, not a book)
[13/987] (REPRINT) Goldfinch Exclusive Luxe Edition — skipped (edition name, not a book)
[14/987] (REPRINT) The Plated Prisoner Series Exclusive Luxe Edition — skipped (edition name, not a book)
[15/987] (REPRINT)Gold Exclusive Luxe Edition — skipped (edition name, not a book)
[16/987] 'A Curse Carved in Bone' — no OL match
[17/987] 'A Heart So Green' — no OL match
[18/987] 'A Masterpiece in Blood' — no OL match
[19/987] 'A Scar in the Bone' — no OL match
[20/987] 'A Song to Drown Rivers' by Ann Liang — no OL match
[21/987] 'A Witch's Guide to Magical Innkeeping' — no OL match
[22/987] 'Beneath These Cursed Stars' by Lexi Ryan — no OL match
[23/987] 'Best Hex Ever' by Nadia El-Fassi — no OL match
[24/987] 'Bitten' — no OL match
[25/987] 'Brigands & Breadknives' — no OL match
[26/987] 'Daydream' — no OL match
[27/987] 'Deathless' — no OL match
[28/987] 'Drown Me With Dreams' by Gabi Burton — no OL match
[29/987] 'Enigma' — no OL match
[30/987] 'Eternal Ruin' — no OL match
[31/987] 'Exiled by Iron' — no OL match
[32/987] 'Foul Lady Fortune' — no OL match
[33/987] 'Fury Bound' — no OL match
[34/987] 'Games Untold' — no OL match
[35/987] 'Ghostsmith' by Nicki Pau Preto — no OL match
[36/987] 'Holiday Ever After' — no OL match
[37/987] 'Holly' — no OL match
[38/987] 'Immortal Dark' by Tigest Girma — no OL match
[39/987] 'Oathbound' — no OL match
[40/987] 'Once a Villain' — no OL match
[41/987] 'Queen of the Night Sky' — no OL match
[42/987] 'Serpent Sea' by Maiya Ibrahim — no OL match
[43/987] 'Slaying the Vampire Conqueror' — no OL match
[44/987] 'Sounds Like Love' — no OL match
[45/987] 'The Ballad of Falling Dragons' — no OL match
[46/987] 'The Demon and the Light' — no OL match
[47/987] 'The Dragon Wakes with Thunder' — no OL match
[48/987] 'The Familiar' by Leigh Bardugo — no OL match
[49/987] 'The God and the Gwisin' — no OL match
[50/987] 'The Grandest Game' — no OL match
[51/987] 'The Last Wish of Bristol Keats' — no OL match
[52/987] 'The Listeners' — no OL match
[53/987] 'The Mirror of Beasts' by Alexandra Bracken — no OL match
[54/987] 'The Night Prince' — no OL match
[55/987] 'The Robin on the Oak Throne' — no OL match
[56/987] 'The Tapestry of Fate' — no OL match
[57/987] 'The Thorn Queen' — no OL match
[58/987] 'The Undercutting of Rosie and Adam' — no OL match
[59/987] 'The Wolf King' — no OL match
[60/987] 'Vilest Things' by Chloe Gong — no OL match
[61/987] 'Watch Me' — no OL match
[62/987] 'We Who Have No Gods' — no OL match
[63/987] 'What Fury Brings' — no OL match
[64/987] 'Wisteria' by Adalyn Grace — no OL match
[65/987] 'Wrath of the Damned' — no OL match
[66/987] #blur Cambria Hebert — no OL match
[67/987] #fate Cambria Hebert — no OL match
[68/987] #finishline Cambria Hebert — no OL match
[69/987] #junkie Cambria Hebert — no OL match
[70/987] #rev Cambria Hebert — no OL match
[71/987] #swag Cambria Hebert — no OL match
[72/987] #taken — no OL match
[73/987] 10-lb Penalty — no OL match
[74/987] 1000 Years of Joys and Sorrows — no OL match
[75/987] 12 Days of Book-Club-Mas 2021 Novella — no OL match
[76/987] 12 Days of Book-Club-Mas 2022 Novella — no OL match
[77/987] 12 Days of Book-Club-Mas 2023 Novella — no OL match
[78/987] 12 Days of Book-Club-Mas 2024 Anthology — no OL match
[79/987] 15 Miles — no OL match
[80/987] 1979 — no OL match
[81/987] 1989 — no OL match
[82/987] 2010: Odyssey Two — no OL match
[83/987] 20th Century Ghosts — no OL match
[84/987] 25 - Celebrating 25 Years of Goldsboro Books — no OL match
[85/987] 2666 — no OL match
[86/987] 26a — no OL match
[87/987] 30 Things I Love About Myself — no OL match
[88/987] 5 More Sleeps 'til Halloween — no OL match
[89/987] 5 More Sleeps to Christmas — no OL match
[90/987] 73 Dove Street — no OL match
[91/987] 7th Circle Tate James — no OL match
[92/987] A Backward Place — no OL match
[93/987] A Bad, Bad Place — no OL match
[94/987] A Bad, Bad Place - Crime Collective Edition — no OL match
[95/987] A Bad, Bad Place - February 2026 Crime Collective — no OL match
[96/987] A Ballad Of Phantoms And Hope — no OL match
[97/987] A Beautiful Evil — no OL match
[98/987] A Beautiful Loan — no OL match
[99/987] A Beautiful Way to Die — no OL match
[100/987] A Bend in the Yellow River — no OL match
[101/987] A Big Fat Greek Murder — no OL match
[102/987] A Bird in the Hand — OL:OL2445361W — 11 editions
[103/987] A Bitter Field (Roads to War) — no OL match
[104/987] A Bookshop of One's Own — no OL match
[105/987] A Box Full of Murders — OL:OL42416796W — 1 editions
[106/987] A Boy Made of Blocks — no OL match
[107/987] A Breath of French Air — OL:OL163731W — 10 editions
[108/987] A Breath of Snow and Ashes — OL:OL3261142W — 25 editions
[109/987] A Bridge Too Far — no OL match
[110/987] A Brief History of Seven Killings — no OL match
[111/987] A Broken Land: 2 (Roads to War) — no OL match
[112/987] A Bundle for the Toff — no OL match
[113/987] A Bunny For The Bench Boss Siena Trap — no OL match
[114/987] A Burning — OL:OL20758709W — 9 editions
[115/987] A Burnt Out Case — no OL match
[116/987] A Call of the Void (Shadows & Crowns 3) — no OL match
[117/987] A Case of Libel — no OL match
[118/987] A Case of Life and Limb — no OL match
[119/987] A Case of Mice and Murder — OL:OL37836205W — 4 editions
[120/987] A Checkered Past — OL:OL24572650W — 1 editions
[121/987] A Cheesemonger’s Tour de France — no OL match
[122/987] A Choice of Murders — OL:OL6671389W — 1 editions
[123/987] A Christmas Carol Illustrated — no OL match
[124/987] A Christmas Child — no OL match
[125/987] A Christmas Ghost Story — OL:OL8489846W — 1 editions
[126/987] A Cigarette Lit Backwards — OL:OL27675260W — 2 editions
[127/987] A Clash of Three Courts — no OL match
[128/987] A Clean Break Gay Amish Romance — no OL match
[129/987] A Close Run Thing (Matthew Hervey Book 1) — no OL match
[130/987] A Clutch of Coppers — no OL match
[131/987] A Coat of Varnish — no OL match
[132/987] A Cold Wind From Moscow — no OL match
[133/987] A Conjuring Of Light — OL:OL17714886W — 11 editions
[134/987] A Conspiracy of Ravens — OL:OL19718456W — 2 editions
[135/987] A Conspiracy of Wolves (An Owen Archer mystery) — no OL match
[136/987] A Cool Head — no OL match
[137/987] A Court Of — no OL match
[138/987] A Court of Mist and Fury — OL:OL17860744W — 25 editions
[139/987] A Court of Silver Flames — OL:OL21703979W — 18 editions
[140/987] A Court of Thorns and Roses — OL:OL17352669W — 34 editions
[141/987] A Court of Thorns and Roses Series — OL:OL24611849W — 1 editions
[142/987] A Court of Wings and Ruin — OL:OL17823218W — 26 editions
[143/987] A Court This — no OL match
[144/987] A Crown of the Gods (Shadows & Crowns 4) — no OL match
[145/987] A Crown So Silver — no OL match
[146/987] A Crown This — no OL match
[147/987] A Cruel Courtship — no OL match
[148/987] A Cruel Thirst — no OL match
[149/987] A Cruise to Die For — no OL match
[150/987] A Cry From the Dark — no OL match
[151/987] A Cure for All Diseases — no OL match
[152/987] A Curious Kind of Magic — no OL match
[153/987] A Curse Carved in Bone — no OL match
[154/987] A Curse For True Love — OL:OL33364737W — 9 editions
[155/987] A Curse For True Love - Limited Edition — no OL match
[156/987] A Curse Of Blood & Stone — no OL match
[157/987] A Curse Of Blood And Wolves — no OL match
[158/987] A Curse Of Shadows And Ice — OL:OL28856867W — 1 editions
[159/987] A Curse So Dark And Lonely — OL:OL20155371W — 4 editions
[160/987] A Dance of Burning Blades — no OL match
[161/987] A Dance Of Lies — no OL match
[162/987] A Dance With Death Exclusive Luxe Edition — skipped (edition name, not a book)
[163/987] A Dance With The Fae Prince — no OL match
[164/987] A Dangerous Fortune — no OL match
[165/987] A Dark Anatomy — no OL match
[166/987] A Dark and Drowning Tide — no OL match
[167/987] A Dark and Hollow Star — OL:OL21984888W — 5 editions
[168/987] A Dark Forgetting — no OL match
[169/987] A Darker Shade of Magic — OL:OL17332803W — 13 editions
[170/987] A Darkness At Sethanon — no OL match
[171/987] A Darkness Returns — no OL match
[172/987] A Darkness So Sweet — no OL match
[173/987] A Darkness So Sweet Exclusive Luxe Edition — skipped (edition name, not a book)
[174/987] A Dawn Of Gods & Fury — no OL match
[175/987] A Dawn Of Onyx — no OL match
[176/987] A Day Of Fallen Night — OL:OL27820045W — 3 editions
[177/987] A Day of Fallen Night - Limited Edition — no OL match
[178/987] A Day Out For Mehmet Erbil — no OL match
[179/987] A Dead Man's Secret — no OL match
[180/987] A Deadly Education — OL:OL20881237W — 4 editions
[181/987] A Deadly Episode — no OL match
[182/987] A Deadly Twist — no OL match
[183/987] A Deal with the Elf King, A Dance with the Fae Prince — no OL match
[184/987] A Deal With The Shadow King Curse Of The Fae — no OL match
[185/987] A Death in Berlin — no OL match
[186/987] A Death in Cornwall — OL:OL38013502W — 6 editions
[187/987] A Death in Diamonds — no OL match
[188/987] A Death in Door County — no OL match
[189/987] A Death in the Parish — no OL match
[190/987] A Death on Location — no OL match
[191/987] A Decent Ride — no OL match
[192/987] A Deeper Shade of Blue — no OL match
[193/987] A Defiant Woman — no OL match
[194/987] A Degree of Discipline — OL:OL9467177W — 2 editions
[195/987] A Degree of Murder — no OL match
[196/987] A Demon's Guide To Wooing A Witch — OL:OL34962074W — 2 editions
[197/987] A Diet of Treacle — OL:OL15830191W — 6 editions
[198/987] A Different Kind of Power — no OL match
[199/987] A Divine Fury — OL:OL44706272W — 1 editions
[200/987] A Dog's Life — no OL match
[201/987] A Dream Of — no OL match
[202/987] A Drop of the Hard Stuff (Signed) — no OL match
[203/987] A Duel With The Vampire Lord — no OL match
[204/987] A Dying Light in Corduba — no OL match
[205/987] A False Start — no OL match
[206/987] A Family Affair (US Edition) — no OL match
[207/987] A Fanatic Heart (Limited Edition) — no OL match
[208/987] A Far Flung — no OL match
[209/987] A Far-flung Life — no OL match
[210/987] A Far-Flung Life - March 2026 PREM1ER Edition — no OL match
[211/987] A Far-Flung Life - PREM1ER Edition — no OL match
[212/987] A Fatal Crossing — no OL match
[213/987] A Fatal Overture — no OL match
[214/987] A Fate Forged in Fire — no OL match
[215/987] A Fate Forged in Fire - Trade Edition — no OL match
[216/987] A Fate Inked in Blood — no OL match
[217/987] A Fate Of Wrath & Flame — no OL match
[218/987] A Fate So Cold — OL:OL44349022W — 3 editions
[219/987] A Feast for Crows (Limited Slipcase edition) — no OL match
[220/987] A Feast of Thorns and Roses — no OL match
[221/987] A Feather So Black — no OL match
[222/987] A Few Late Chrysanthemums — no OL match
[223/987] A Fire Beneath the World — no OL match
[224/987] A Fire Endless — OL:OL7574091W — 100 editions
[225/987] A Fire in the Flesh — OL:OL34098435W — 7 editions
[226/987] A Fire In The Sky — OL:OL37835457W — 4 editions
[227/987] A Flase Start — no OL match
[228/987] A Flat Tyre in Fulham — no OL match
[229/987] A Flesh In The Fire — no OL match
[230/987] A Flicker in the Dark — OL:OL24592608W — 11 editions
[231/987] A Forbidden — no OL match
[232/987] A Forbidden Rumspringa Gay Amish Romance — no OL match
[233/987] A Forgery of Fate — no OL match
[234/987] A Fortune Most Fatal — no OL match
[235/987] A Fraction of the Whole — no OL match
[236/987] A Fragile Enchantment — OL:OL37471844W — 4 editions
[237/987] A Friend From England — no OL match
[238/987] A Fringe of Leaves — no OL match
[239/987] A Game Of Deceit And Desire — OL:OL37982578W — 1 editions
[240/987] A Game Of Gods — OL:OL35711658W — 2 editions
[241/987] A Game of Lies — no OL match
[242/987] A Game of Soldiers — no OL match
[243/987] A Gathering Of Shadows — OL:OL17714885W — 16 editions
[244/987] A Gathering of Shadows and A Conjuring of Light — OL:OL20189033W — 2 editions
[245/987] A Gentle Axe — no OL match
[246/987] A Gift Before Dying — no OL match
[247/987] A God Of Wrath & Lies — no OL match
[248/987] A Goddess in the Stones — no OL match
[249/987] A Good Enough Mother (Slipcase Edition) — no OL match
[250/987] A Good War - Signed, Dated & Stamped — no OL match
[251/987] A Grave in the Woods — OL:OL37573173W — 4 editions
[252/987] A Grave Inheritance (The Society of Free Spirits) — no OL match
[253/987] A Grimacres Whodunnit: Murder! By Narwhal! — no OL match
[254/987] A Guide to the Birds of East Africa — no OL match
[255/987] A Harvest Of Hearts — no OL match
[256/987] A Haunting in the Arctic — no OL match
[257/987] A Haunting on the Hill — no OL match
[258/987] A Haven Of Brimstone And Darkness Lucinda Dark — no OL match
[259/987] A Hearse on May-Day — no OL match
[260/987] A Heart Full of Hatred (Skulduggery Pleasant) — no OL match
[261/987] A Heart Full of Headstones — OL:OL34955361W — 2 editions
[262/987] A Heart So Cold And Wicked — no OL match
[263/987] A Heart So Green — no OL match
[264/987] A History of Wild Places — OL:OL25452287W — 5 editions
[265/987] A House for Mr Biswas — no OL match
[266/987] A Hunger Like No Other — OL:OL34683366W — 2 editions
[267/987] A Hunt So — no OL match
[268/987] A Hunt so Wild and Cruel — no OL match
[269/987] A Killer in Paradise — no OL match
[270/987] A Killer Plot — OL:OL24311207W — 1 editions
[271/987] A Killing Mind (DI Sean Corrigan 5) — no OL match
[272/987] A Kingdom Falls (Ravenmaster Trilogy) — no OL match
[273/987] A Kingdom Of Blood And Betrayal — OL:OL29407454W — 4 editions
[274/987] A Kingdom Of Flesh And Fire Jennifer L. Armentrout — no OL match
[275/987] A Kingdom Of Stars And Shadows — OL:OL29407467W — 3 editions
[276/987] A Kingdom Of Venom And Vows — OL:OL34948432W — 3 editions
[277/987] A Kingdom This — no OL match
[278/987] A Kiss Goodbye — no OL match
[279/987] A La Folie — no OL match
[280/987] A Lady's Guide to Fortune-Hunting — OL:OL25347873W — 7 editions
[281/987] A Lady's Guide to Scandal — OL:OL29328426W — 2 editions
[282/987] A Landing on the Sun — no OL match
[283/987] A Language of Dragons — no OL match
[284/987] A Language of Dragons LitJoy Edition — no OL match
[285/987] A Leader In the Chalet School — no OL match
[286/987] A Lesson in Cruelty — no OL match
[287/987] A Lesson in Cruelty (event stock) — no OL match
[288/987] A Lesson In Deceit — no OL match
[289/987] A Lesson In Obedience — no OL match
[290/987] A Lesson In Thorns — OL:OL20891050W — 1 editions
[291/987] A Letter To The Luminous Deep — OL:OL37574559W — 5 editions
[292/987] A Life on Our Planet — no OL match
[293/987] A Life Reimagined — no OL match
[294/987] A Life to Kill (Coroner Jenny Cooper Series) — no OL match
[295/987] A Light Beyond the Trenches — no OL match
[296/987] A Light In The Flame — no OL match
[297/987] A Likeness in Stone — no OL match
[298/987] A Little Life — OL:OL17370186W — 36 editions
[299/987] A Little Life (Limited Edition) — no OL match
[300/987] A Little Trickerie - August 2024 PREM1ER Edition — no OL match
[301/987] A Little Trickerie - PREM1ER Edition — no OL match
[302/987] A Little White Death — no OL match
[303/987] A Long Finish — no OL match
[304/987] A Long Night in Paris — no OL match
[305/987] A Love Letter To Whiskey — OL:OL21163835W — 6 editions
[306/987] A Love Most Fatal — OL:OL38660529W — 2 editions
[307/987] A Lover's Discourse — no OL match
[308/987] A Loyal Character Dancer — no OL match
[309/987] A Maggot — no OL match
[310/987] A Man For Mrs. Claus — no OL match
[311/987] A Man Named Doll — OL:OL24339478W — 4 editions
[312/987] A Man of Double Deed — no OL match
[313/987] A Map of the Dark — OL:OL20193135W — 6 editions
[314/987] A Map Of Verona — no OL match
[315/987] A Market Of Dreams And Destiny — no OL match
[316/987] A Marvellous Light — OL:OL24168684W — 6 editions
[317/987] A Masterpiece in Blood — no OL match
[318/987] A Matter of Blood — no OL match
[319/987] A Memory Called Empire — OL:OL20157046W — 8 editions
[320/987] A Mercy — no OL match
[321/987] A Mermaid's Diary — no OL match
[322/987] A Message from Ukraine — OL:OL30057453W — 2 editions
[323/987] A Million Kisses In Your Lifetime — OL:OL28625845W — 5 editions
[324/987] A Mind to Murder — no OL match
[325/987] A Monsoon Rising — OL:OL37829825W — 7 editions
[326/987] A Monsoon Rising (Hurricane Wars \#2) — no OL match
[327/987] A Monsoon Rising (Hurricane Wars #2) — no OL match
[328/987] A Murder for Miss Hortense — no OL match
[329/987] A Murder in Eight Cocktails — no OL match
[330/987] A Murder in Paris — OL:OL24376039W — 1 editions
[331/987] A Murder in Time — OL:OL17357742W — 5 editions
[332/987] A Narrow Door — OL:OL28577493W — 1 editions
[333/987] A Neighbour's Guide to Murder — no OL match
[334/987] A Noble Killing — no OL match
[335/987] A Novel Crime — OL:OL44984286W — 1 editions
[336/987] A Novel Love Story — no OL match
[337/987] A Novel Murder — no OL match
[338/987] A pagan place — OL:OL69266W — 16 editions
[339/987] A Palace for the Buckinghams — no OL match
[340/987] A Palace Near The Wind — no OL match
[341/987] A Partisan's Daughter — no OL match
[342/987] A Patriot for Me — OL:OL1376612W — 8 editions
[343/987] A Penknife in My Heart — no OL match
[344/987] A Perfect Arrangement — no OL match
[345/987] A Pessimist's Guide To Love — no OL match
[346/987] A Philosophy of Ruin — OL:OL21358271W — 3 editions
[347/987] A Photo Finish — no OL match
[348/987] A Pirate's Life for Tea — OL:OL34387588W — 7 editions
[349/987] A Place of Execution — no OL match
[350/987] A Place of Greater Safety — no OL match
[351/987] A Plague of Serpents — no OL match
[352/987] A Pleasure and a Calling — no OL match
[353/987] A Plot to Die For — no OL match
[354/987] A Pocket Full of Rye — OL:OL472619W — 92 editions
[355/987] A Power Unbound — OL:OL33081857W — 6 editions
[356/987] A Priest in the House (US Edition) — no OL match
[357/987] A Prince of the Captivity — no OL match
[358/987] A Prince Without Sorrow — no OL match
[359/987] A Private Man - FRESH INK EDITION — no OL match
[360/987] A Private Man - March 2026 FRESH INK Edition — no OL match
[361/987] A Promise Of Fire — OL:OL20033284W — 8 editions
[362/987] A Promise Of Peridot — no OL match
[363/987] A Queen Crowned in Flames — no OL match
[364/987] A Queen Of Thieves & Chaos — no OL match
[365/987] A Queen This — no OL match
[366/987] A Question of Blood (Limited Edition) — no OL match
[367/987] A Question of Identity — no OL match
[368/987] A Quiet Belief in Angels — no OL match
[369/987] A Quiet Vendetta — no OL match
[370/987] A Quiver Full of Arrows — OL:OL1807141W — 36 editions
[371/987] A Rather Vengeful — no OL match
[372/987] A Rather Vengeful Accord — no OL match
[373/987] A Realm Of Fear & Fury — no OL match
[374/987] A Reaper At The Gates — OL:OL19748768W — 5 editions
[375/987] A Reckoning in Brooklyn — OL:OL24636467W — 3 editions
[376/987] A Redwall Winter's Tale — no OL match
[377/987] A Refiner's Fire — no OL match
[378/987] A Refiner’s Fire — OL:OL37583319W — 5 editions
[379/987] A Reign Of Rose — no OL match
[380/987] A Reign Of Storm And Madness Lucinda Dark — no OL match
[381/987] A Relic of War — no OL match
[382/987] A Reluctant Spy — no OL match
[383/987] A Reluctant Spy - Goldsboro Crime Collective Edition — no OL match
[384/987] A Reluctant Spy - September 2024 Crime Collective — no OL match
[385/987] A Remedy for Fate — no OL match
[386/987] A Requiem For Fallen Stars — no OL match
[387/987] A Resistance of Witches — no OL match
[388/987] A Restless Truth — OL:OL27172753W — 7 editions
[389/987] A Right to Die (US Edition) — no OL match
[390/987] A Rival Most — no OL match
[391/987] A River Enchanted — OL:OL25339766W — 8 editions
[392/987] A River Red with Blood — no OL match
[393/987] A Rogue to Remember — OL:OL24244228W — 3 editions
[394/987] A Roof Over My Head: The Art of Coarse Moving — no OL match
[395/987] A Roof Over Your Head — no OL match
[396/987] A Room Full of Bones — no OL match
[397/987] A Royal Christmas Fairy Tale — no OL match
[398/987] A Scandalous Woman — no OL match
[399/987] A Scar in the Bone — no OL match
[400/987] A Scatter of Light — OL:OL27412972W — 7 editions
[401/987] A Sea Of — no OL match
[402/987] A Sea Of Song And Sirens — no OL match
[403/987] A Sea of Troubles — no OL match
[404/987] A Sea Of Wrath And Scoria — no OL match
[405/987] A Secret — no OL match
[406/987] A Secret Princess — OL:OL27492160W — 3 editions
[407/987] A Sense of Reality — no OL match
[408/987] A Serial Killer's Guide to Marriage — no OL match
[409/987] A Serial Killer's Guide to Marriage - Crime Collective Edition — no OL match
[410/987] A Serial Killer's Guide to Marriage - January 2025 Crime Collective — no OL match
[411/987] A Series Of Rooms — no OL match
[412/987] A Series Of Unfortunate Events The — no OL match
[413/987] A Severed Head — no OL match
[414/987] A Shadow Crown — no OL match
[415/987] A Shadow In The Ember — no OL match
[416/987] A Ship of the Line — no OL match
[417/987] A Short History Of Tractors in Ukrainian — no OL match
[418/987] A Shred of Honour — no OL match
[419/987] A Sign of Her Own — no OL match
[420/987] A Singing Grave — no OL match
[421/987] A Sky Beyond The Storm — OL:OL20904660W — 7 editions
[422/987] A Sky of Emerald Stars LitJoy Edition (The Golden Court #2) — no OL match
[423/987] A Sliver of Darkness — OL:OL27023507W — 5 editions
[424/987] A Slow and Secret Poison — no OL match
[425/987] A Small Matter of Impending Catastrophe (Skulduggery Pleasant) — OL:OL44558987W — 1 editions
[426/987] A Small Revolution in Germany — no OL match
[427/987] A Small Town in Germany — no OL match
[428/987] A Song for Issy Bradley — no OL match
[429/987] A Song for Katy Shayne — no OL match
[430/987] A Song Of Chaos Cc Davie — no OL match
[431/987] A Song of Comfortable Chairs — no OL match
[432/987] A Song Of Death And Desire — no OL match
[433/987] A Song of Legends Lost — no OL match
[434/987] A Song Of Shadow And Starlight — no OL match
[435/987] A Song to Drown Rivers — OL:OL37699502W — 7 editions
[436/987] A Sorceress Comes To — OL:OL37939629W — 2 editions
[437/987] A Sort of Life — no OL match
[438/987] A Soul Full of Shadows (Skulduggery Pleasant) — no OL match
[439/987] A Soul of Ash and Blood — OL:OL34420213W — 6 editions
[440/987] A Spell For Midwinter's Heart — OL:OL42457877W — 2 editions
[441/987] A Spell of Trouble — no OL match
[442/987] A Spot of Bother — no OL match
[443/987] A Spy for the Redeemer — no OL match
[444/987] A Spy in the Blood — no OL match
[445/987] A Spy Like Me — no OL match
[446/987] A Stage Set For Villains — OL:OL44869505W — 1 editions
[447/987] A State of Freedom — no OL match
[448/987] A State of Freedom - Signed & Dated — no OL match
[449/987] A Steep And — no OL match
[450/987] A Steep and Savage Path — no OL match
[451/987] A Steeping of Blood — OL:OL42407031W — 4 editions
[452/987] A Steeping of Blood Exclusive Luxe Edition — skipped (edition name, not a book)
[453/987] A Storm of Sisters — no OL match
[454/987] A Story Treasury – Julia Donaldson, illustrated — no OL match
[455/987] A Strange and Brilliant Light — no OL match
[456/987] A Strange and Sublime Address — no OL match
[457/987] A Strange Hymn — OL:OL20906688W — 1 editions
[458/987] A Stranger in Corfu — no OL match
[459/987] A Street Car Named Desire — no OL match
[460/987] A Study In Drowning — no OL match
[461/987] A Study in Drowning - September 2023 GSFF — no OL match
[462/987] A Study in Drowning - September 2023 GSFF Edition — no OL match
[463/987] A Superior Death — no OL match
[464/987] A Swarm in May — no OL match
[465/987] A Swim in a Pond in the Rain — OL:OL21207049W — 6 editions
[466/987] A Swing for Life — no OL match
[467/987] A Sword Of Shadow And Deceit — no OL match
[468/987] A Talent for Murder — OL:OL37571156W — 7 editions
[469/987] A Tan and Sandy Silence — no OL match
[470/987] A Taste For Death — no OL match
[471/987] A Taste for Vengeance — OL:OL19745511W — 6 editions
[472/987] A Taste of Treasure — no OL match
[473/987] A Tempest of Tea — OL:OL26694702W — 10 editions
[474/987] A Terrible Kindness — no OL match
[475/987] A Theory of Dreaming — OL:OL1069300W — 96 editions
[476/987] A Theory of Dreaming + alternative dust jackets — no OL match
[477/987] A Thorn in Every Heart — no OL match
[478/987] A Thousand Natural Shocks — no OL match
[479/987] A Thousand Perfect Notes — OL:OL25210315W — 2 editions
[480/987] A Thousand Splendid Suns — no OL match
[481/987] A Thousand Steps — OL:OL24741552W — 5 editions
[482/987] A Three Dog Problem — OL:OL25347278W — 2 editions
[483/987] A Thursday Murder Club Mystery: Books 1 to 5 — no OL match
[484/987] A Tide of Black Steel — no OL match
[485/987] A Tide Of Treason — no OL match
[486/987] A Time for Swords — no OL match
[487/987] A Time to Live — no OL match
[488/987] A Tongue So Sweet And Deadly Sophia St. Germain — no OL match
[489/987] A torch against the night — OL:OL20033776W — 3 editions
[490/987] A Touch Of Chaos — OL:OL35717461W — 2 editions
[491/987] A Touch of Danger — no OL match
[492/987] A Touch Of Darkness Scarlett St. Clair — no OL match
[493/987] A Touch Of Malice — OL:OL25914972W — 8 editions
[494/987] A Touch Of Ruin Scarlett St. Clair — no OL match
[495/987] A Touch of Taboo Exclusive Edition — skipped (edition name, not a book)
[496/987] A Trade Of Blood Robert — no OL match
[497/987] A Traitor in Whitehall — OL:OL36092233W — 3 editions
[498/987] A Treacherous Likeness (Charles Maddox 3) — no OL match
[499/987] A Treachery of Swans — no OL match
[500/987] A Tree on Fire — no OL match
[501/987] A Trial in Three Acts — no OL match
[502/987] A Trick of the Light — no OL match
[503/987] A True Account : Hannah Masury’s Sojourn Amongst the Pyrates, Written by Herself — OL:OL34431996W — 6 editions
[504/987] A Trust Betrayed — no OL match
[505/987] A turn in the south — OL:OL103100W — 7 editions
[506/987] A Twist Of The Blade — no OL match
[507/987] A Twist of the Blade (Shadows & Crowns 2) — no OL match
[508/987] A Very Dangerous Pursuit — no OL match
[509/987] A Very Private Life — no OL match
[510/987] A Very Private School — no OL match
[511/987] A Very Stylish Affair — OL:OL2959347W — 4 editions
[512/987] A Victim of the Aurora — no OL match
[513/987] A Vigil of Spies — no OL match
[514/987] A Village in the Third Reich — OL:OL27808217W — 2 editions
[515/987] A Violent Gentleman — no OL match
[516/987] A Violent Heart — no OL match
[517/987] A Violent Masterpiece — no OL match
[518/987] A Visible Darkness — no OL match
[519/987] A Voice In Chains — no OL match
[520/987] A Vow In Vengenace — no OL match
[521/987] A Vow Of Shadow And Blood — no OL match
[522/987] A Vow so Bold and Deadly by Brigid Kemmerer — no OL match
[523/987] A Vow so Bold and Deadly by Brigid Kemmerer – LIMITED EDITION — no OL match
[524/987] A Wake of Crows — no OL match
[525/987] A War Of Wyverns — OL:OL44782440W — 3 editions
[526/987] A War of Wyverns LitJoy Edition (A Language of Dragons #2) — no OL match
[527/987] A Warrior's Fate — no OL match
[528/987] A Way Home Gay Amish Romance — no OL match
[529/987] A Well-Earned Death — no OL match
[530/987] A Werewolf's Guide To Seducing A Vampire — OL:OL37919815W — 2 editions
[531/987] A Wild Sheep Chase — no OL match
[532/987] A Winter Grave — no OL match
[533/987] A Winter Wish — OL:OL37873130W — 1 editions
[534/987] A Witch's Guide To Fake Dating A Demon — OL:OL28356965W — 2 editions
[535/987] A Witch's Guide to Fake Dating a Demon, A Demon's Guide to Wooing a Witch — no OL match
[536/987] A Witch's Guide to Magical Innkeeping — no OL match
[537/987] A Wolf At The Table — no OL match
[538/987] A World of My Own: A Dream Diary — no OL match
[539/987] A Wraith Beneath The Tides — no OL match
[540/987] A Wreath for my Sister — no OL match
[541/987] A Year at the Chateau — no OL match
[542/987] Abbs Valley — no OL match
[543/987] Absolute Friends — no OL match
[544/987] Absolution — no OL match
[545/987] Absynthe - December 2021 GSFF — no OL match
[546/987] Academy Of Protectors — OL:OL30908117W — 1 editions
[547/987] Accident for Inspector West — no OL match
[548/987] Accidentally Wedded To A Werewolf — OL:OL44563875W — 1 editions
[549/987] Accomplice to the Villain — OL:OL42429068W — 3 editions
[550/987] Accomplice To The Villain Hannah — no OL match
[551/987] Accordion Crimes — no OL match
[552/987] Accustomed to the Dark — no OL match
[553/987] Acid Row — no OL match
[554/987] Across the River and Into the Trees — no OL match
[555/987] Across The Vanishing Sky — no OL match
[556/987] Across the Void - June 2019 Book of the Month — no OL match
[557/987] Act of Oblivion — OL:OL26519507W — 7 editions
[558/987] Act Your Age — OL:OL23590168W — 1 editions
[559/987] Actress — no OL match
[560/987] Acts of Cupidity — no OL match
[561/987] Acts of Desperation — no OL match
[562/987] Acts of Omission — no OL match
[563/987] Acts of Violence — no OL match
[564/987] Addict Blake Blessing — no OL match
[565/987] Adjustment Day — OL:OL19739254W — 11 editions
[566/987] Admiral (Thomas Kydd 27) — no OL match
[567/987] Adored By The Grumpy Ghost — OL:OL44590381W — 1 editions
[568/987] Adrienne and the Chalet School — no OL match
[569/987] Adrift — no OL match
[570/987] Adult Book Bundle - Advent 2021 (Sold Out) — no OL match
[571/987] Adult Book Bundle - Advent 2023 (Sold Out) — no OL match
[572/987] Adult Book Only — no OL match
[573/987] Adult Book Only One-Time (April) — no OL match
[574/987] Adult Book Only One-Time (March) — no OL match
[575/987] Advent (Advent Trilogy) — no OL match
[576/987] Adventures in the Skin Trade — no OL match
[577/987] Adversary to the Villain — no OL match
[578/987] Aeternum — no OL match
[579/987] Afflicted R.d. Baker — no OL match
[580/987] After All — OL:OL20760323W — 3 editions
[581/987] After Dark — no OL match
[582/987] After That Night — OL:OL34030271W — 6 editions
[583/987] After That, the Dark — OL:OL42452939W — 1 editions
[584/987] After the Armistice Ball — no OL match
[585/987] After the Fine Weather — no OL match
[586/987] After the Funeral — no OL match
[587/987] After The Rain — OL:OL44595308W — 1 editions
[588/987] After the Silence — no OL match
[589/987] After We Fall — OL:OL20978257W — 2 editions
[590/987] After You Die — no OL match
[591/987] After-Dinner Story — no OL match
[592/987] Afterlife — no OL match
[593/987] Afterlight Exclusive: Happy Place — no OL match
[594/987] Afterlight Exclusive: Loathe to Love You — no OL match
[595/987] Afterlight Romance — no OL match
[596/987] Afterlight Romance (3 months prepaid) — no OL match
[597/987] Afterlight Romance (6 months prepaid) — no OL match
[598/987] Afterthoughts: or Some Pistachios Won't Open – Wisdom for the Unreflective — no OL match
[599/987] Again, Rachel — no OL match
[600/987] Against All Odds — OL:OL37878646W — 1 editions
[601/987] Agatha Christie's Murder in the Making — no OL match
[602/987] Agatha Christie's Poirot: The Greatest Detective in the World — no OL match
[603/987] Agatha Raisin and the Fairies of Fryfam — no OL match
[604/987] Age of Ash — OL:OL25455106W — 6 editions
[605/987] Agency — no OL match
[606/987] Agent Running in the Field — OL:OL21567537W — 3 editions
[607/987] Agnes Aubert's Mystical Cat Shelter — OL:OL44983631W — 4 editions
[608/987] Ai Weiwei — OL:OL31866853W — 15 editions
[609/987] Ai Weiwei on Censorship — no OL match
[610/987] Aicha — no OL match
[611/987] Air — OL:OL35332052W — 1 editions
[612/987] Airborne — no OL match
[613/987] Aladdin and the Enchanted Lamp — no OL match
[614/987] Alanna: The — no OL match
[615/987] Albatross — no OL match
[616/987] Albert Angelo — no OL match
[617/987] Alchemised — no OL match
[618/987] Alchemy — no OL match
[619/987] Alchemy And A Cup Of Tea — OL:OL42417476W — 3 editions
[620/987] Alchemy and a Cup of Tea (Tomes & Tea) — OL:OL42417476W — 3 editions
[621/987] Alchemy of Secrets — no OL match
[622/987] Aldo Melanie Moreland — no OL match
[623/987] Alentejo Blue — no OL match
[624/987] Alex Neptune: Dragon Thief — OL:OL27816219W — 1 editions
[625/987] Alex Rider: Crocodile Tears — OL:OL15048575W — 12 editions
[626/987] Alex Vs Axel: The Impossible Quests — OL:OL37837292W — 2 editions
[627/987] Ali Novak — no OL match
[628/987] Alice with a Why — no OL match
[629/987] Alice's Adventures in Wonderland — no OL match
[630/987] Alive in Shape and Color — no OL match
[631/987] All For Love — no OL match
[632/987] All Fours — OL:OL37827700W — 6 editions
[633/987] All In With Him — OL:OL28725103W — 1 editions
[634/987] All Involved — no OL match
[635/987] All Involved - U.S. Edition — no OL match
[636/987] All My Enemies — no OL match
[637/987] All My Rage — OL:OL24576090W — 6 editions
[638/987] All Night at Mr Stanyhurst's — no OL match
[639/987] All Of Our Demise - Limited Edition — no OL match
[640/987] All of Us Are Broken — no OL match
[641/987] All Our Broken Idols — no OL match
[642/987] All Our Shimmering Skies — no OL match
[643/987] All Our Wordly Goods — no OL match
[644/987] All Rhodes Lead Here — OL:OL24321551W — 5 editions
[645/987] All She Ever Wanted — no OL match
[646/987] All Systems Red — OL:OL17914663W — 9 editions
[647/987] All That Remains — no OL match
[648/987] All That We See or Seem — no OL match
[649/987] All That's Left in the World — OL:OL32466W — 94 editions
[650/987] All Thats Dead (Logan McRae 12) - Lined — no OL match
[651/987] All the Colours of the Dark — no OL match
[652/987] All the Devils — OL:OL37573835W — 3 editions
[653/987] All the Fun of the Fair — no OL match
[654/987] All The Light We Cannot See — OL:OL16821606W — 48 editions
[655/987] All the Little Bird Hearts — no OL match
[656/987] All The Sinners Bleed — OL:OL28864362W — 9 editions
[657/987] All The Wandering Light — OL:OL20168498W — 3 editions
[658/987] All the Wicked — OL:OL42399781W — 2 editions
[659/987] All Them Dogs — no OL match
[660/987] All These Worlds — OL:OL19742647W — 4 editions
[661/987] All This Twisted Glory — OL:OL37563732W — 11 editions
[662/987] All Too Well — OL:OL39190804W — 4 editions
[663/987] All We Have is Time — no OL match
[664/987] All We Hunger For — no OL match
[665/987] All We Lost Was Everything — OL:OL42420029W — 2 editions
[666/987] All Your Deadly — no OL match
[667/987] Allelujah! — no OL match
[668/987] Almost Heaven — OL:OL152322W — 7 editions
[669/987] Almost Life — no OL match
[670/987] Alone With You in the Ether — OL:OL27774839W — 8 editions
[671/987] Alpha Gray — no OL match
[672/987] Alpha Inmate — no OL match
[673/987] Alpha Jasinda Wilder — no OL match
[674/987] Alpha Of Mortal Flesh — no OL match
[675/987] Alphabet — no OL match
[676/987] Already Dead — no OL match
[677/987] Altar ego — OL:OL19976147W — 6 editions
[678/987] Altered Carbon — no OL match
[679/987] Always And Forever, Lara Jean — OL:OL19666031W — 11 editions
[680/987] Always Anthony — OL:OL37618138W — 2 editions
[681/987] Always be my Duchess — OL:OL26861560W — 4 editions
[682/987] Always Only You — OL:OL27591343W — 3 editions
[683/987] Always Remember: The Boy, the Mole, the Fox, the Horse and the Storm — no OL match
[684/987] Always. Ruby M. Darling — no OL match
[685/987] Amagansett — OL:OL5727276W — 3 editions
[686/987] Amari and the Great Game — OL:OL24730763W — 12 editions
[687/987] Ambrosia — no OL match
[688/987] America and Cosmic Man — no OL match
[689/987] American Devi — no OL match
[690/987] American Dirt — OL:OL20639181W — 16 editions
[691/987] American Mother — no OL match
[692/987] Amid Clouds And Bones — no OL match
[693/987] Amnesia — no OL match
[694/987] Among Others — no OL match
[695/987] Among the Burning Flowers — no OL match
[696/987] Among the Burning Flowers (Roots of Chaos) — no OL match
[697/987] Among Thieves — OL:OL24995221W — 7 editions
[698/987] Among Thieves - September 2021 GSFF — no OL match
[699/987] Among Wolves — OL:OL27206817W — 2 editions
[700/987] Amongst Our Weapons — OL:OL28412313W — 3 editions
[701/987] Amongst The Wolves — no OL match
[702/987] Amsterdam — OL:OL1855943W — 39 editions
[703/987] An Academy for Liars — OL:OL43693809W — 2 editions
[704/987] An Act of Courage — OL:OL2005362W — 3 editions
[705/987] An Aegean April — OL:OL19731191W — 1 editions
[706/987] An Agent of Deceit — no OL match
[707/987] An Ancient Witch's Guide to Modern Dating — no OL match
[708/987] An Anonymous Girl — no OL match
[709/987] An Arcane Inheritance — no OL match
[710/987] An Artful Dodge — no OL match
[711/987] An Awfully Big Adventure — OL:OL260472W — 15 editions
[712/987] An Echo in the Bone — OL:OL14974949W — 9 editions
[713/987] An Education In Malice — OL:OL37825502W — 1 editions
[714/987] An ember in the ashes — OL:OL17786115W — 14 editions
[715/987] An Ember in the Ashes, A Torch Against the Night, A Reaper at the Gates, — no OL match
[716/987] An Empty Throne (Alexander's Legacy, 3) — no OL match
[717/987] An Expensive Place To Die — no OL match
[718/987] An Eye for an Eye — no OL match
[719/987] An Honorable Assassin — no OL match
[720/987] An Honored Vow — no OL match
[721/987] An ice cold grave — OL:OL82352W — 11 editions
[722/987] An Ice Cream War — no OL match
[723/987] An Impossible Woman: The Memories of Dottoressa Moor — no OL match
[724/987] An Inconvenient Wife — no OL match
[725/987] An Innocent Eye — no OL match
[726/987] An Inside Job — OL:OL43724749W — 2 editions
[727/987] An Insular Possession — no OL match
[728/987] An Irish Faustus — no OL match
[729/987] An Offer From a Gentleman — no OL match
[730/987] An Optimist's Guide To Heartbreak — no OL match
[731/987] An Unbreakable World — OL:OL42454288W — 3 editions
[732/987] Anarchy — no OL match
[733/987] Anathema Keri Lake — no OL match
[734/987] Anatomy — OL:OL15399118W — 96 editions
[735/987] Anatomy of Innocence — no OL match
[736/987] Anatomy of Murder — no OL match
[737/987] Ancestry — no OL match
[738/987] And For My Next Act... Aly's Return — no OL match
[739/987] And He Shall Appear — no OL match
[740/987] And Now, Back to You — no OL match
[741/987] And So This is Christmas — no OL match
[742/987] And the Mountains Echoed — no OL match
[743/987] And the Ocean Was Our Sky — no OL match
[744/987] And The River Drags Her — OL:OL42409224W — 2 editions
[745/987] And They Were Roommates — OL:OL42410430W — 3 editions
[746/987] Andrew Joseph White set (Evernight Exclusive) — no OL match
[747/987] Angel Mage — OL:OL20146932W — 6 editions
[748/987] Angel with Two Faces — no OL match
[749/987] Angels & Demons - US Edition — no OL match
[750/987] Angels Unaware — no OL match
[751/987] Angels' Blood — OL:OL14990846W — 7 editions
[752/987] Angus Wilson: A Biography — OL:OL1888798W — 5 editions
[753/987] Animal Farm — OL:OL29952191W — 1 editions
[754/987] Anji Kills A King — no OL match
[755/987] Anna Dressed In Blood — OL:OL16002122W — 4 editions
[756/987] Anna Dressed in Blood Set — no OL match
[757/987] Anna O — no OL match
[758/987] Anna of Kleve, Queen of Secrets (Six Tudor Queens 4) — no OL match
[759/987] Anne Of Green Gables LitJoy Classic — no OL match
[760/987] Annie John — OL:OL2664661W — 20 editions
[761/987] Annie Knows Everything — no OL match
[762/987] Another Country — no OL match
[763/987] Another England — no OL match
[764/987] Another Kind of Eden — OL:OL23583333W — 5 editions
[765/987] Another Sky — no OL match
[766/987] Another World (US Edition) — no OL match
[767/987] Anthem — no OL match
[768/987] Antihero — no OL match
[769/987] Any — no OL match
[770/987] Any Trop But You — no OL match
[771/987] Any Trope But You — OL:OL42429278W — 1 editions
[772/987] Any Way The Wind Blows — OL:OL23612762W — 8 editions
[773/987] Anyone — OL:OL20612884W — 6 editions
[774/987] Apeirogon - March 2020 Book of the Month - Gold Edition — no OL match
[775/987] Apeirogon - Matching Numbered Set — no OL match
[776/987] Apexnova Kane — no OL match
[777/987] Aphrodite — no OL match
[778/987] Apples Never Fall — no OL match
[779/987] Apprentice to the Villain — OL:OL37568505W — 5 editions
[780/987] April Lady — no OL match
[781/987] Arabian Days — no OL match
[782/987] Arc of a Scythe Set — no OL match
[783/987] Arcana Academy — no OL match
[784/987] Archangel's Kiss — OL:OL15168472W — 4 editions
[785/987] Archenemies Marissa Meyer — no OL match
[786/987] Archer's Voice Mia Sheridan — no OL match
[787/987] Archie & the Strict Baptists — OL:OL1303774W — 1 editions
[788/987] Arena 13 (Arena 13 Trilogy 1) — no OL match
[789/987] Ariel — no OL match
[790/987] Aristotle and Dante Dive Into the Waters of the World — OL:OL25284170W — 4 editions
[791/987] Aristotle and the Secrets of Life — no OL match
[792/987] Arkspire — OL:OL34338853W — 1 editions
[793/987] Arkspire: The Order of Misfits — OL:OL37834631W — 1 editions
[794/987] Arminius: The Limits of Empire — no OL match
[795/987] Arnhem: Black Tuesday — no OL match
[796/987] Arran's Obsession — OL:OL42803183W — 1 editions
[797/987] Artemis — OL:OL17837968W — 26 editions
[798/987] Arthur — no OL match
[799/987] Arthur: At the Crossing Places — no OL match
[800/987] Arthur: The Always King — no OL match
[801/987] Arthur: The Seeing Stone — no OL match
[802/987] Artificial Condition — OL:OL19747311W — 7 editions
[803/987] Artificial Wisdom — no OL match
[804/987] As Easy as Murder — no OL match
[805/987] As Good As Dead — OL:OL24236112W — 19 editions
[806/987] As If — no OL match
[807/987] As Many — no OL match
[808/987] As the Wicked Watch — OL:OL24518798W — 4 editions
[809/987] Asap Axie Oh — no OL match
[810/987] Ascension (Summoner's Circle 2) — no OL match
[811/987] Ascension S.t. Gibson — no OL match
[812/987] Ascension: Book II in The Summoner's Circle — no OL match
[813/987] Ash And — OL:OL39195557W — 2 editions
[814/987] Ashes of the Elements — no OL match
[815/987] Ashes of the Sun - Limited Edition — no OL match
[816/987] Ask the Right Question — no OL match
[817/987] Assassin — no OL match
[818/987] Assassin's Reign: Book 4 of The Civil War Chronicles (Stryker) — no OL match
[819/987] Assassins Anonymous — OL:OL37857172W — 2 editions
[820/987] Assistant To The Villain Hannah — no OL match
[821/987] Astrid Parker Doesn't Fail — OL:OL26764062W — 2 editions
[822/987] Asylum Hotel — OL:OL42443189W — 1 editions
[823/987] At Any Cost — OL:OL37564827W — 2 editions
[824/987] At First Spite — OL:OL37619651W — 2 editions
[825/987] At Hawthorn Time — no OL match
[826/987] At The Buzzer — OL:OL35941860W — 2 editions
[827/987] At the End of the River Styx — no OL match
[828/987] Atalanta — OL:OL28020993W — 6 editions
[829/987] Atalanta - Limited Edition — no OL match
[830/987] Athena's Child — OL:OL30720512W — 5 editions
[831/987] Atlas Complex — no OL match
[832/987] Atlas: The Story of Pa Salt — no OL match
[833/987] Atmosphere: A Love Story — OL:OL42412330W — 5 editions
[834/987] Atonement — OL:OL35867365W — 1 editions
[835/987] Attack on the Redan — no OL match
[836/987] Attention — no OL match
[837/987] Attila: The Gathering of the Storm — no OL match
[838/987] Aunt Jeanne — no OL match
[839/987] Aunts Aren't Gentlemen — no OL match
[840/987] Aurora — OL:OL25812001W — 9 editions
[841/987] Aurora Burning - Limited Edition — no OL match
[842/987] Aurora Rising — OL:OL19923556W — 11 editions
[843/987] Aurora's End — OL:OL25798713W — 9 editions
[844/987] Aurora's End - Limited Edition — no OL match
[845/987] Autocracy, Inc — no OL match
[846/987] Autopsy — OL:OL24349917W — 2 editions
[847/987] Autumn Manoeuvres — no OL match
[848/987] Autumn Peltier, Water Warrior– Carole Lindstrom, illustrated — no OL match
[849/987] Ava Anna Ada — no OL match
[850/987] Ava's Demon Book One: Reborn — no OL match
[851/987] Awakening — no OL match
[852/987] Awakening - signed, lined & dated — no OL match
[853/987] Awakening Of The — no OL match
[854/987] B is for Burglar — no OL match
[855/987] Babel — no OL match
[856/987] Babel by R. F. Kuang — OL:OL37806109W — 1 editions
[857/987] Baby X — OL:OL37620081W — 2 editions
[858/987] Babylonia — OL:OL42406629W — 2 editions
[859/987] Bachelors Anonymous — no OL match
[860/987] Back of Beyond — no OL match
[861/987] Back To Blood — no OL match
[862/987] Back to the Garden — OL:OL27170901W — 4 editions
[863/987] Backlash — no OL match
[864/987] Bad (Mad, Bad and Dangerous to Know Trilogy) — no OL match
[865/987] Bad Actors — OL:OL25467179W — 2 editions
[866/987] Bad Bishop — OL:OL44348715W — 2 editions
[867/987] Bad Blood — no OL match
[868/987] Bad Boy — no OL match
[869/987] Bad Boy Boogie — OL:OL35328860W — 1 editions
[870/987] Bad Deeds — no OL match
[871/987] Bad Fiction — no OL match
[872/987] Bad For Business — no OL match
[873/987] Bad For Good — OL:OL26519092W — 3 editions
[874/987] Bad for Good - PREM1ER edition — no OL match
[875/987] Bad Graces — no OL match
[876/987] Bad Habits — OL:OL21887164W — 6 editions
[877/987] Bad Intentions — OL:OL38005833W — 1 editions
[878/987] Bad Land — no OL match
[879/987] Bad Man from Bodie — OL:OL31538512W — 1 editions
[880/987] Bad Signs - Signed, Lined & Dated — no OL match
[881/987] Baking Across America: A Vintage Recipe Road Trip — OL:OL42414789W — 2 editions
[882/987] Baking For Pleasure — no OL match
[883/987] Balkan Glory — no OL match
[884/987] Ballad and Dagger — no OL match
[885/987] Ballad Of Nightmares — OL:OL28719478W — 1 editions
[886/987] Band of Sisters — no OL match
[887/987] Bane — no OL match
[888/987] Bang to Rights — no OL match
[889/987] Banshee: Mythological Irish Women Retold — no OL match
[890/987] Bar None — OL:OL20173578W — 4 editions
[891/987] Bareback — no OL match
[892/987] Barn Burner — no OL match
[893/987] Bartlett and the City of Flames — no OL match
[894/987] Bartlett and the Ice Voyage — no OL match
[895/987] Based on a True Story — no OL match
[896/987] Bat Eater — OL:OL31091537W — 23 editions
[897/987] Batman: HUSH 2 — OL:OL818842W — 17 editions
[898/987] Battle Flag — no OL match
[899/987] Battle Mountain — OL:OL42405584W — 5 editions
[900/987] Battle Song — no OL match
[901/987] Baxter's Requiem - Exclusive Hardback Edition — skipped (edition name, not a book)
[902/987] Be More Bird: Life Lessons from a Hawk — no OL match
[903/987] Be My Sinner — OL:OL42564055W — 1 editions
[904/987] Be Right Back — OL:OL42418596W — 1 editions
[905/987] Be the Bus — OL:OL31141222W — 1 editions
[906/987] Beach Read — OL:OL20734329W — 11 editions
[907/987] Bear Island — no OL match
[908/987] Bearskin — OL:OL19748401W — 4 editions
[909/987] Beasts of Prey — OL:OL24417125W — 10 editions
[910/987] Beautiful Children — no OL match
[911/987] Beautiful Creatures Quartet — no OL match
[912/987] Beautiful Devils — no OL match
[913/987] Beautiful Fiend — no OL match
[914/987] Beautiful Nightmare — OL:OL44601206W — 1 editions
[915/987] Beautiful People — no OL match
[916/987] Beautiful Ugly — no OL match
[917/987] Beautiful Venom — OL:OL43928860W — 4 editions
[918/987] Beautiful World, Where Are You - Independent Bookshop Edition — no OL match
[919/987] Bech at Bay (US Edition) — no OL match
[920/987] Bedlam (Skulduggery Pleasant 12) — no OL match
[921/987] Bedlam (Skulduggery Pleasant 12) - Doodled — no OL match
[922/987] Bee Speaker — no OL match
[923/987] Been Wrong So Long It Feels Like Right — OL:OL42582254W — 1 editions
[924/987] Before I Go To Sleep — no OL match
[925/987] Before I Knew I Loved You — no OL match
[926/987] Before Midnight: A Nero Wolfe novel — no OL match
[927/987] Before the Coffee Gets Cold — no OL match
[928/987] Before the Devil Breaks You — no OL match
[929/987] Before the Poison — no OL match
[930/987] Before the War (Spoils of War) — no OL match
[931/987] Before We Collide — no OL match
[932/987] Before We Forget Kindness — no OL match
[933/987] Before You Knew My Name — OL:OL25343679W — 6 editions
[934/987] Beg The Night — no OL match
[935/987] Behind Darkness Duet Omnibus — no OL match
[936/987] Behind Darkness Duet Omnibus Exclusive Luxe Edition ApollyCon 2026 — skipped (edition name, not a book)
[937/987] Behind Five Willows — no OL match
[938/987] Behind the Crimson Blind — no OL match
[939/987] Behind the Lie — OL:OL25479418W — 1 editions
[940/987] Behold the Monster — OL:OL21678776W — 10 editions
[941/987] Beholden — no OL match
[942/987] Beholden to the Throne — OL:OL17382594W — 9 editions
[943/987] Behooved — no OL match
[944/987] Beirut Station — OL:OL37574410W — 3 editions
[945/987] Believe Me — OL:OL25344121W — 5 editions
[946/987] Believe No One — no OL match
[947/987] Belladonna — no OL match
[948/987] Belladonna at Belstone — no OL match
[949/987] Beloved — no OL match
[950/987] Below the Line — OL:OL21350408W — 1 editions
[951/987] Bend For Balor — no OL match
[952/987] Beneath The Burn — OL:OL35261368W — 1 editions
[953/987] Beneath The Dirt — no OL match
[954/987] Beneath the Keep — no OL match
[955/987] Beneath the World, a Sea — no OL match
[956/987] Beneath These Cursed Stars — OL:OL37618469W — 5 editions
[957/987] Beneath These Dark Skies — no OL match
[958/987] Bequest — no OL match
[959/987] Bergman Brothers series — no OL match
[960/987] Bergman Brothers Series ,7 Books Collection Set,Only When It's Us,Always Only You,Ever after Always,with You Forever,Everything for You ,If Only You,Only and Forever by Chloe Liese — OL:OL42452346W — 1 editions
[961/987] Berlin Duet — no OL match
[962/987] Bernard Shaw - Set of Four — no OL match
[963/987] Bertie and the Crime of Passion — no OL match
[964/987] Beside the Syrian Sea — no OL match
[965/987] Bespelled Laura Thalassa — no OL match
[966/987] Best Boy — no OL match
[967/987] Best Hex Ever — OL:OL37829756W — 5 editions
[968/987] Best Served Cold — no OL match
[969/987] Betrayed By The Truth — no OL match
[970/987] Bettany's Book — no OL match
[971/987] Better Hate Than Never — OL:OL29053264W — 3 editions
[972/987] Better Hide Alina May — no OL match
[973/987] Better in Black — OL:OL44588712W — 1 editions
[974/987] Better Off Dead — OL:OL24142593W — 13 editions
[975/987] Better Run Alina May — no OL match
[976/987] Better Than Death — no OL match
[977/987] Better Than The Movies — no OL match
[978/987] Betting Blind — no OL match
[979/987] Betting on You — OL:OL34948300W — 6 editions
[980/987] Betty Church and the Suffolk Vampire (A Betty Church Mystery Book 1) — no OL match
[981/987] Between Earth and Sky - Books 1 & 2 - matching numbered set — no OL match
[982/987] Between Life And Death — OL:OL41898282W — 1 editions
[983/987] Between Never And Forever — OL:OL36128203W — 1 editions
[984/987] Between the Assassinations — no OL match
[985/987] Between The Pines — no OL match
[986/987] Between the Pines Exclusive Luxe Edition — skipped (edition name, not a book)
[987/987] Between Two Evils — no OL match

Done. Inserted: 1908 editions | Skipped: 732 books | Failed: 0 books
1/1000] Bequest — no OL match
[972/1000] Bergman Brothers series — no OL match
[973/1000] Bergman Brothers Series ,7 Books Collection Set,Only When It's Us,Always Only You,Ever after Always,with You Forever,Everything for You ,If Only You,Only and Forever by Chloe Liese — OL:OL42452346W — 1 editions
[974/1000] Berlin Duet — no OL match
[975/1000] Bernard Shaw - Set of Four — no OL match
[976/1000] Bertie and the Crime of Passion — no OL match
[977/1000] Beside the Syrian Sea — no OL match
[978/1000] Bespelled Laura Thalassa — no OL match
[979/1000] Best Boy — no OL match
[980/1000] Best Hex Ever — OL:OL37829756W — 5 editions
[981/1000] Best Served Cold — no OL match
[982/1000] Betrayed By The Truth — no OL match
[983/1000] Bettany's Book — no OL match
[984/1000] Better Hate Than Never — OL:OL29053264W — 3 editions
[985/1000] Better Hide Alina May — no OL match
[986/1000] Better in Black — OL:OL44588712W — 1 editions
[987/1000] Better Off Dead — OL:OL24142593W — 13 editions
[988/1000] Better Run Alina May — no OL match
[989/1000] Better Than Death — no OL match
[990/1000] Better Than The Movies — no OL match
[991/1000] Betting Blind — no OL match
[992/1000] Betting on You — OL:OL34948300W — 6 editions
[993/1000] Betty Church and the Suffolk Vampire (A Betty Church Mystery Book 1) — no OL match
[994/1000] Between Earth and Sky - Books 1 & 2 - matching numbered set — no OL match
[995/1000] Between Life And Death — OL:OL41898282W — 1 editions
[996/1000] Between Never And Forever — OL:OL36128203W — 1 editions
[997/1000] Between the Assassinations — no OL match
[998/1000] Between The Pines — no OL match
[999/1000] Between the Pines Exclusive Luxe Edition — skipped (edition name, not a book)
[1000/1000] Between Two Evils — no OL match

Done. Inserted: 2114 editions | Skipped: 732 books | Failed: 0 books
